[debug] [2019-01-15T15:11:29.095Z] ----------------------------------------------------------------------
[debug] [2019-01-15T15:11:29.097Z] Command:       /Users/julcsi/.nvm/versions/node/v8.10.0/bin/node /Users/julcsi/.nvm/versions/node/v8.10.0/bin/firebase serve
[debug] [2019-01-15T15:11:29.098Z] CLI Version:   6.2.2
[debug] [2019-01-15T15:11:29.098Z] Platform:      darwin
[debug] [2019-01-15T15:11:29.098Z] Node Version:  v8.10.0
[debug] [2019-01-15T15:11:29.098Z] Time:          Tue Jan 15 2019 16:11:29 GMT+0100 (CET)
[debug] [2019-01-15T15:11:29.098Z] ----------------------------------------------------------------------
[debug] 
[debug] [2019-01-15T15:11:29.108Z] > command requires scopes: ["email","openid","https://www.googleapis.com/auth/cloudplatformprojects.readonly","https://www.googleapis.com/auth/firebase","https://www.googleapis.com/auth/cloud-platform"]
[debug] [2019-01-15T15:11:29.109Z] > authorizing via signed-in user
[debug] [2019-01-15T15:11:29.109Z] [iam] checking project vizumizu-70fc9 for permissions ["firebase.projects.get"]
[debug] [2019-01-15T15:11:29.111Z] >>> HTTP REQUEST POST https://cloudresourcemanager.googleapis.com/v1/projects/vizumizu-70fc9:testIamPermissions  

[debug] [2019-01-15T15:11:30.276Z] <<< HTTP RESPONSE 200
[debug] [2019-01-15T15:11:30.278Z] >>> HTTP REQUEST GET https://cloudresourcemanager.googleapis.com/v1/projects/vizumizu-70fc9  
 
[debug] [2019-01-15T15:11:31.193Z] <<< HTTP RESPONSE 200
[info] 
[info] === Serving from '/Users/julcsi/PROJECTS/vizumizu'...
[info] 
[debug] [2019-01-15T15:11:31.196Z] >>> HTTP REQUEST GET https://mobilesdk-pa.googleapis.com/v1/projects/601165856079/clients/_:getWebAppConfig  
 
[debug] [2019-01-15T15:11:31.770Z] <<< HTTP RESPONSE 200
[info] i  hosting: Serving hosting files from: public
[info] ✔  hosting: Local server: http://localhost:5000
